<?xml version="1.0" encoding="UTF-8"?>
<testsuite xmlns:xsi="http://www.w3.org/2001/XMLSchema-instance" xsi:noNamespaceSchemaLocation="https://maven.apache.org/surefire/maven-surefire-plugin/xsd/surefire-test-report.xsd" name="ba.unsa.etf.rpr.ZooVrtTest" time="0.211" tests="12" errors="0" skipped="0" failures="0">
  <properties>
[...]
</properties>
  <testcase name="constructorTest" classname="ba.unsa.etf.rpr.ZooVrtTest" time="0.027"/>
  <testcase name="koToTamoGovoriIzuzetakTest" classname="ba.unsa.etf.rpr.ZooVrtTest" time="0.047"/>
  <testcase name="koToTamoGovoriKlasaTest" classname="ba.unsa.etf.rpr.ZooVrtTest" time="0.029"/>
  <testcase name="dodaj1DvostrukiIzuzetakTest" classname="ba.unsa.etf.rpr.ZooVrtTest" time="0.052"/>
  <testcase name="dodaj1Test" classname="ba.unsa.etf.rpr.ZooVrtTest" time="0.007"/>
  <testcase name="dodaj2Test" classname="ba.unsa.etf.rpr.ZooVrtTest" time="0.002"/>
  <testcase name="dodaj3Test" classname="ba.unsa.etf.rpr.ZooVrtTest" time="0.002"/>
  <testcase name="dodaj4Test" classname="ba.unsa.etf.rpr.ZooVrtTest" time="0.001"/>
  <testcase name="koToTamoGovoriTest" classname="ba.unsa.etf.rpr.ZooVrtTest" time="0.002"/>
  <testcase name="dodaj2IzuzetakTest" classname="ba.unsa.etf.rpr.ZooVrtTest" time="0.002"/>
  <testcase name="dodaj1IzuzetakTest" classname="ba.unsa.etf.rpr.ZooVrtTest" time="0.002"/>
  <testcase name="obrisiTest" classname="ba.unsa.etf.rpr.ZooVrtTest" time="0.002"/>
</testsuite>